Arguments: 
  C:\Program Files\nodejs\node.exe C:\Users\tmasunda\AppData\Roaming\npm\node_modules\yarn\bin\yarn.js

PATH: 
  D:\Software\Android\platform-tools;C:\ProgramData\Oracle\Java\javapath;C:\WINDOWS\system32;C:\WINDOWS;C:\WINDOWS\System32\Wbem;C:\WINDOWS\System32\WindowsPowerShell\v1.0\;C:\Program Files (x86)\PuTTY\;C:\Users\tmasunda\AppData\Local\Microsoft\WindowsApps;C:\Users\tmasunda\AppData\Roaming\npm;C:\Program Files (x86)\Kubernetes\Minikube;C:\Program Files\Git\cmd;C:\Program Files\Git\mingw64\bin;C:\Program Files\Git\usr\bin;C:\Program Files (x86)\Yarn\bin\;C:\WINDOWS\system32;C:\WINDOWS;C:\WINDOWS\System32\Wbem;C:\WINDOWS\System32\WindowsPowerShell\v1.0\;C:\WINDOWS\System32\OpenSSH\;C:\Program Files\nodejs\;C:\Users\tmasunda\AppData\Local\Microsoft\WindowsApps;C:\Program Files\Java\jdk1.8.0_152\bin;C:\Program Files\Docker Toolbox;C:\Program Files\Microsoft VS Code\bin;C:\Users\tmasunda\AppData\Local\Yarn\bin;D:\Software\Android\platform-tools;;C:\Users\tmasunda\AppData\Local\Programs\Microsoft VS Code\bin;C:\Users\tmasunda\AppData\Roaming\npm

Yarn version: 
  1.10.1

Node version: 
  8.12.0

Platform: 
  win32 x64

Trace: 
  Error: https://registry.yarnpkg.com/@material-ui%2fcore: ETIMEDOUT
      at Timeout._onTimeout (C:\Users\tmasunda\AppData\Roaming\npm\node_modules\yarn\lib\cli.js:120826:19)
      at ontimeout (timers.js:498:11)
      at tryOnTimeout (timers.js:323:5)
      at Timer.listOnTimeout (timers.js:290:5)

npm manifest: 
  {
    "name": "rmw-shell",
    "version": "4.1.1",
    "description": "rmw-shell React component",
    "main": "lib/index.js",
    "module": "es/index.js",
    "files": [
      "css",
      "es",
      "lib",
      "umd"
    ],
    "scripts": {
      "build": "nwb build-react-component",
      "clean": "nwb clean-module && nwb clean-demo",
      "start": "nwb serve-react-demo",
      "test": "nwb test-react",
      "test:coverage": "nwb test-react --coverage",
      "test:watch": "nwb test-react --server"
    },
    "dependencies": {},
    "peerDependencies": {
      "@material-ui/core": "1.x",
      "@material-ui/icons": "1.x",
      "a2hs": "1.x",
      "downshift": "2.x",
      "firebase": "5.x",
      "firebaseui": "3.x",
      "fireform": "0.x",
      "firekit": "1.x",
      "firekit-provider": "0.x",
      "intl": "1.x",
      "intl-locales-supported": "1.x",
      "match-sorter": "2.x",
      "material-ui-filter": "2.x",
      "material-ui-image": "3.0.0-pre.7",
      "material-ui-pickers": "1.0.0-rc.14",
      "muishift": "1.x",
      "prop-types": "15.x",
      "react": "16.x",
      "react-custom-scrollbars": "4.x",
      "react-dom": "16.x",
      "react-helmet": "5.x",
      "react-image-cropper": "1.x",
      "react-intl": "2.x",
      "react-list": "0.x",
      "react-loadable": "5.x",
      "react-mic": "9.x",
      "react-player": "1.x",
      "react-redux": "5.x",
      "react-router": "4.x",
      "react-router-dom": "4.x",
      "react-toastify": "4.x",
      "react-virtualized": "9.x",
      "redux": "4.x",
      "redux-form": "7.x",
      "redux-form-material-ui": "5.0.0-beta.2",
      "redux-logger": "3.x",
      "redux-persist": "5.x",
      "redux-thunk": "2.x"
    },
    "devDependencies": {
      "@material-ui/core": "^3.1.1",
      "@material-ui/icons": "^3.0.1",
      "a2hs": "^1.0.2",
      "babel-eslint": "^10.0.1",
      "chart.js": "^2.7.2",
      "downshift": "^2.2.3",
      "enzyme": "^3.7.0",
      "eslint": "^5.6.1",
      "eslint-config-airbnb": "^17.1.0",
      "eslint-plugin-import": "^2.14.0",
      "eslint-plugin-jsx-a11y": "^6.1.1",
      "eslint-plugin-react": "^7.11.1",
      "firebase": "^5.5.3",
      "firebaseui": "^3.4.1",
      "fireform": "^0.2.13",
      "firekit": "^1.0.26",
      "firekit-provider": "^0.2.20",
      "github-markdown-css": "^2.10.0",
      "intl": "^1.2.5",
      "intl-locales-supported": "^1.0.0",
      "match-sorter": "^2.3.0",
      "material-ui-filter": "^2.1.2",
      "material-ui-image": "^3.0.0-pre.7",
      "material-ui-pickers": "^1.0.0-rc.7",
      "muishift": "^1.0.8",
      "nwb": "^0.23.0",
      "prop-types": "^15.6.2",
      "react": "^16.5.2",
      "react-chartjs-2": "^2.7.4",
      "react-countup": "^3.0.3",
      "react-custom-scrollbars": "^4.2.1",
      "react-dom": "^16.5.2",
      "react-helmet": "^5.2.0",
      "react-image-cropper": "^1.3.0",
      "react-intl": "^2.7.0",
      "react-list": "^0.8.10",
      "react-loadable": "^5.5.0",
      "react-mic": "^12.2.2",
      "react-player": "^1.6.6",
      "react-redux": "^5.0.7",
      "react-router": "^4.3.1",
      "react-router-dom": "^4.3.1",
      "react-toastify": "^4.4.0",
      "react-virtualized": "^9.20.1",
      "redux": "^4.0.0",
      "redux-form": "^7.4.2",
      "redux-form-material-ui": "^5.0.0-beta.2",
      "redux-logger": "^3.0.6",
      "redux-persist": "^5.10.0",
      "redux-thunk": "^2.3.0",
      "source-map-explorer": "^1.6.0",
      "standard": "^12.0.1"
    },
    "author": "Tarik Huber",
    "homepage": "https://www.react-most-wanted.com/",
    "license": "MIT",
    "repository": "https://github.com/TarikHuber/rmw-shell",
    "keywords": [
      "react-most-wanted",
      "react",
      "redux",
      "firebase"
    ]
  }

yarn manifest: 
  No manifest

Lockfile: 
  No lockfile
